<?xml version="1.0" encoding="UTF-8"?>
<robot generator="Robot 6.1.1 (Python 3.11.7 on win32)" generated="20231215 21:04:31.670" rpa="false" schemaversion="4">
<suite id="s1" name="pythonProject" source="C:\Users\karku\PycharmProjects\pythonProject">
<suite id="s1-s1" name="Test" source="C:\Users\karku\PycharmProjects\pythonProject\test.robot">
<test id="s1-s1-t1" name="1 Test" line="10">
<kw name="Open Browser" library="SeleniumLibrary">
<arg>http://google.com chrome</arg>
<arg>chrome</arg>
<doc>Opens a new browser instance to the optional ``url``.</doc>
<msg timestamp="20231215 21:04:32.011" level="INFO">Opening browser 'chrome' to base url 'http://google.com chrome'.</msg>
<msg timestamp="20231215 21:04:42.675" level="INFO">Cannot capture screenshot because no browser is open.</msg>
<msg timestamp="20231215 21:04:42.676" level="FAIL">SessionNotCreatedException: Message: session not created: Chrome failed to start: exited normally.
  (session not created: DevToolsActivePort file doesn't exist)
  (The process started from chrome location C:\Program Files\Google\Chrome\Application\chrome.exe is no longer running, so ChromeDriver is assuming that Chrome has crashed.)
Stacktrace:
	GetHandleVerifier [0x00007FF698604D02+56194]
	(No symbol) [0x00007FF6985704B2]
	(No symbol) [0x00007FF6984176AA]
	(No symbol) [0x00007FF69844B41A]
	(No symbol) [0x00007FF698447DC2]
	(No symbol) [0x00007FF698490954]
	(No symbol) [0x00007FF698485C23]
	(No symbol) [0x00007FF698454A45]
	(No symbol) [0x00007FF698455AD4]
	GetHandleVerifier [0x00007FF69897D5BB+3695675]
	GetHandleVerifier [0x00007FF6989D6197+4059159]
	GetHandleVerifier [0x00007FF6989CDF63+4025827]
	GetHandleVerifier [0x00007FF69869F029+687785]
	(No symbol) [0x00007FF69857B508]
	(No symbol) [0x00007FF698577564]
	(No symbol) [0x00007FF6985776E9]
	(No symbol) [0x00007FF698568094]
	BaseThreadInitThunk [0x00007FFCA457257D+29]
	RtlUserThreadStart [0x00007FFCA604AA58+40]
</msg>
<status status="FAIL" starttime="20231215 21:04:32.011" endtime="20231215 21:04:42.687"/>
</kw>
<kw name="Go To" library="SeleniumLibrary">
<doc>Navigates the current browser window to the provided ``url``.</doc>
<status status="NOT RUN" starttime="20231215 21:04:42.688" endtime="20231215 21:04:42.688"/>
</kw>
<kw name="Sleep" library="BuiltIn">
<arg>10s</arg>
<doc>Pauses the test executed for the given time.</doc>
<status status="NOT RUN" starttime="20231215 21:04:42.689" endtime="20231215 21:04:42.689"/>
</kw>
<kw name="Close Browser" library="SeleniumLibrary" type="TEARDOWN">
<doc>Closes the current browser.</doc>
<status status="PASS" starttime="20231215 21:04:42.689" endtime="20231215 21:04:42.689"/>
</kw>
<status status="FAIL" starttime="20231215 21:04:32.010" endtime="20231215 21:04:42.691">SessionNotCreatedException: Message: session not created: Chrome failed to start: exited normally.
  (session not created: DevToolsActivePort file doesn't exist)
  (The process started from chrome location C:\Program Files\Google\Chrome\Application\chrome.exe is no longer running, so ChromeDriver is assuming that Chrome has crashed.)
Stacktrace:
	GetHandleVerifier [0x00007FF698604D02+56194]
	(No symbol) [0x00007FF6985704B2]
	(No symbol) [0x00007FF6984176AA]
	(No symbol) [0x00007FF69844B41A]
	(No symbol) [0x00007FF698447DC2]
	(No symbol) [0x00007FF698490954]
	(No symbol) [0x00007FF698485C23]
	(No symbol) [0x00007FF698454A45]
	(No symbol) [0x00007FF698455AD4]
	GetHandleVerifier [0x00007FF69897D5BB+3695675]
	GetHandleVerifier [0x00007FF6989D6197+4059159]
	GetHandleVerifier [0x00007FF6989CDF63+4025827]
	GetHandleVerifier [0x00007FF69869F029+687785]
	(No symbol) [0x00007FF69857B508]
	(No symbol) [0x00007FF698577564]
	(No symbol) [0x00007FF6985776E9]
	(No symbol) [0x00007FF698568094]
	BaseThreadInitThunk [0x00007FFCA457257D+29]
	RtlUserThreadStart [0x00007FFCA604AA58+40]
</status>
</test>
<status status="FAIL" starttime="20231215 21:04:31.702" endtime="20231215 21:04:42.694"/>
</suite>
<status status="FAIL" starttime="20231215 21:04:31.672" endtime="20231215 21:04:42.698"/>
</suite>
<statistics>
<total>
<stat pass="0" fail="1" skip="0">All Tests</stat>
</total>
<tag>
</tag>
<suite>
<stat pass="0" fail="1" skip="0" id="s1" name="pythonProject">pythonProject</stat>
<stat pass="0" fail="1" skip="0" id="s1-s1" name="Test">pythonProject.Test</stat>
</suite>
</statistics>
<errors>
</errors>
</robot>
