<?xml version="1.0" encoding="UTF-8"?>
<robot generator="Robot 6.1.1 (Python 3.11.7 on win32)" generated="20231215 21:23:04.485" rpa="false" schemaversion="4">
<suite id="s1" name="Test" source="C:\Users\karku\PycharmProjects\pythonProject\test.robot">
<test id="s1-t1" name="1 Test" line="10">
<kw name="Open Browser" library="SeleniumLibrary">
<arg>http://google.com chrome</arg>
<arg>chrome</arg>
<doc>Opens a new browser instance to the optional ``url``.</doc>
<msg timestamp="20231215 21:23:04.666" level="INFO">Opening browser 'chrome' to base url 'http://google.com chrome'.</msg>
<msg timestamp="20231215 21:23:06.506" level="INFO" html="true">&lt;/td&gt;&lt;/tr&gt;&lt;tr&gt;&lt;td colspan="3"&gt;&lt;a href="selenium-screenshot-1.png"&gt;&lt;img src="selenium-screenshot-1.png" width="800px"&gt;&lt;/a&gt;</msg>
<msg timestamp="20231215 21:23:06.506" level="FAIL">WebDriverException: Message: unknown error: net::ERR_NAME_NOT_RESOLVED
  (Session info: chrome=120.0.6099.109)
Stacktrace:
	GetHandleVerifier [0x00007FF698604D02+56194]
	(No symbol) [0x00007FF6985704B2]
	(No symbol) [0x00007FF6984176AA]
	(No symbol) [0x00007FF69840FB39]
	(No symbol) [0x00007FF6984025DD]
	(No symbol) [0x00007FF6984016FD]
	(No symbol) [0x00007FF698400746]
	(No symbol) [0x00007FF6984006EB]
	(No symbol) [0x00007FF6983FEE3D]
	(No symbol) [0x00007FF6983FF603]
	(No symbol) [0x00007FF69841A0FD]
	(No symbol) [0x00007FF6984A2C91]
	(No symbol) [0x00007FF698485E7A]
	(No symbol) [0x00007FF6984A2786]
	(No symbol) [0x00007FF698485C23]
	(No symbol) [0x00007FF698454A45]
	(No symbol) [0x00007FF698455AD4]
	GetHandleVerifier [0x00007FF69897D5BB+3695675]
	GetHandleVerifier [0x00007FF6989D6197+4059159]
	GetHandleVerifier [0x00007FF6989CDF63+4025827]
	GetHandleVerifier [0x00007FF69869F029+687785]
	(No symbol) [0x00007FF69857B508]
	(No symbol) [0x00007FF698577564]
	(No symbol) [0x00007FF6985776E9]
	(No symbol) [0x00007FF698568094]
	BaseThreadInitThunk [0x00007FFCA457257D+29]
	RtlUserThreadStart [0x00007FFCA604AA58+40]
</msg>
<status status="FAIL" starttime="20231215 21:23:04.665" endtime="20231215 21:23:06.508"/>
</kw>
<kw name="Maximize Browser Window" library="SeleniumLibrary">
<doc>Maximizes current browser window.</doc>
<status status="NOT RUN" starttime="20231215 21:23:06.509" endtime="20231215 21:23:06.509"/>
</kw>
<kw name="Sleep" library="BuiltIn">
<arg>10s</arg>
<doc>Pauses the test executed for the given time.</doc>
<status status="NOT RUN" starttime="20231215 21:23:06.509" endtime="20231215 21:23:06.509"/>
</kw>
<kw name="Close Browser" library="SeleniumLibrary" type="TEARDOWN">
<doc>Closes the current browser.</doc>
<status status="PASS" starttime="20231215 21:23:06.510" endtime="20231215 21:23:08.617"/>
</kw>
<status status="FAIL" starttime="20231215 21:23:04.664" endtime="20231215 21:23:08.618">WebDriverException: Message: unknown error: net::ERR_NAME_NOT_RESOLVED
  (Session info: chrome=120.0.6099.109)
Stacktrace:
	GetHandleVerifier [0x00007FF698604D02+56194]
	(No symbol) [0x00007FF6985704B2]
	(No symbol) [0x00007FF6984176AA]
	(No symbol) [0x00007FF69840FB39]
	(No symbol) [0x00007FF6984025DD]
	(No symbol) [0x00007FF6984016FD]
	(No symbol) [0x00007FF698400746]
	(No symbol) [0x00007FF6984006EB]
	(No symbol) [0x00007FF6983FEE3D]
	(No symbol) [0x00007FF6983FF603]
	(No symbol) [0x00007FF69841A0FD]
	(No symbol) [0x00007FF6984A2C91]
	(No symbol) [0x00007FF698485E7A]
	(No symbol) [0x00007FF6984A2786]
	(No symbol) [0x00007FF698485C23]
	(No symbol) [0x00007FF698454A45]
	(No symbol) [0x00007FF698455AD4]
	GetHandleVerifier [0x00007FF69897D5BB+3695675]
	GetHandleVerifier [0x00007FF6989D6197+4059159]
	GetHandleVerifier [0x00007FF6989CDF63+4025827]
	GetHandleVerifier [0x00007FF69869F029+687785]
	(No symbol) [0x00007FF69857B508]
	(No symbol) [0x00007FF698577564]
	(No symbol) [0x00007FF6985776E9]
	(No symbol) [0x00007FF698568094]
	BaseThreadInitThunk [0x00007FFCA457257D+29]
	RtlUserThreadStart [0x00007FFCA604AA58+40]
</status>
</test>
<status status="FAIL" starttime="20231215 21:23:04.487" endtime="20231215 21:23:08.620"/>
</suite>
<statistics>
<total>
<stat pass="0" fail="1" skip="0">All Tests</stat>
</total>
<tag>
</tag>
<suite>
<stat pass="0" fail="1" skip="0" id="s1" name="Test">Test</stat>
</suite>
</statistics>
<errors>
</errors>
</robot>
